{
  message: 'Failed to connect Database Server selection timed out after 30000 ms',
  reason: TopologyDescription {
    type: 'ReplicaSetNoPrimary',
    servers: Map(3) {
      'ac-jnsl1em-shard-00-00.6dotpwg.mongodb.net:27017' => ServerDescription {
        address: 'ac-jnsl1em-shard-00-00.6dotpwg.mongodb.net:27017',
        type: 'RSSecondary',
        hosts: [
          'ac-jnsl1em-shard-00-00.6dotpwg.mongodb.net:27017',
          'ac-jnsl1em-shard-00-01.6dotpwg.mongodb.net:27017',
          'ac-jnsl1em-shard-00-02.6dotpwg.mongodb.net:27017'
        ],
        passives: [],
        arbiters: [],
        tags: {
          region: 'US_EAST_1',
          workloadType: 'OPERATIONAL',
          provider: 'AWS',
          nodeType: 'ELECTABLE'
        },
        minWireVersion: 0,
        maxWireVersion: 17,
        roundTripTime: 20170,
        lastUpdateTime: 9602049,
        lastWriteDate: 2023-06-16T17:55:57.000Z,
        error: null,
        topologyVersion: {
          processId: new ObjectId("648b45af06f30055d3e5e6d8"),
          counter: 4
        },
        setName: 'atlas-rj9s70-shard-0',
        setVersion: 11,
        electionId: null,
        logicalSessionTimeoutMinutes: 30,
        primary: 'ac-jnsl1em-shard-00-01.6dotpwg.mongodb.net:27017',
        me: 'ac-jnsl1em-shard-00-00.6dotpwg.mongodb.net:27017',
        '$clusterTime': {
          clusterTime: new Timestamp({ t: 1686938157, i: 6 }),
          signature: {
            hash: <Buffer 59 e8 92 da ec 3b 1b c3 ad 18 6f eb 6d 82 ab f9 17 45 76 14>,
            keyId: new Long("7194236577768275970")
          }
        }
      },
      'ac-jnsl1em-shard-00-01.6dotpwg.mongodb.net:27017' => ServerDescription {
        address: 'ac-jnsl1em-shard-00-01.6dotpwg.mongodb.net:27017',
        type: 'Unknown',
        hosts: [],
        passives: [],
        arbiters: [],
        tags: {},
        minWireVersion: 0,
        maxWireVersion: 0,
        roundTripTime: -1,
        lastUpdateTime: 9581866,
        lastWriteDate: 0,
        error: null,
        topologyVersion: null,
        setName: null,
        setVersion: null,
        electionId: null,
        logicalSessionTimeoutMinutes: null,
        primary: null,
        me: null,
        '$clusterTime': null
      },
      'ac-jnsl1em-shard-00-02.6dotpwg.mongodb.net:27017' => ServerDescription {
        address: 'ac-jnsl1em-shard-00-02.6dotpwg.mongodb.net:27017',
        type: 'RSSecondary',
        hosts: [
          'ac-jnsl1em-shard-00-00.6dotpwg.mongodb.net:27017',
          'ac-jnsl1em-shard-00-01.6dotpwg.mongodb.net:27017',
          'ac-jnsl1em-shard-00-02.6dotpwg.mongodb.net:27017'
        ],
        passives: [],
        arbiters: [],
        tags: {
          provider: 'AWS',
          nodeType: 'ELECTABLE',
          workloadType: 'OPERATIONAL',
          region: 'US_EAST_1'
        },
        minWireVersion: 0,
        maxWireVersion: 17,
        roundTripTime: 20875,
        lastUpdateTime: 9602930,
        lastWriteDate: 2023-06-16T17:56:04.000Z,
        error: null,
        topologyVersion: {
          processId: new ObjectId("648b4871be41a7a27995c53a"),
          counter: 3
        },
        setName: 'atlas-rj9s70-shard-0',
        setVersion: 11,
        electionId: null,
        logicalSessionTimeoutMinutes: 30,
        primary: 'ac-jnsl1em-shard-00-01.6dotpwg.mongodb.net:27017',
        me: 'ac-jnsl1em-shard-00-02.6dotpwg.mongodb.net:27017',
        '$clusterTime': {
          clusterTime: new Timestamp({ t: 1686938164, i: 17 }),
          signature: {
            hash: <Buffer 12 75 f5 3f 71 59 00 f5 ac cd e0 18 9a 9a eb 39 66 fc 07 5e>,
            keyId: new Long("7194236577768275970")
          }
        }
      }
    },
    stale: false,
    compatible: true,
    heartbeatFrequencyMS: 10000,
    localThresholdMS: 15,
    setName: 'atlas-rj9s70-shard-0',
    maxElectionId: null,
    maxSetVersion: null,
    commonWireVersion: 0,
    logicalSessionTimeoutMinutes: 30
  },
  code: undefined,
  level: 'error',
  stack: 'MongooseServerSelectionError: Server selection timed out after 30000 ms\n' +
    '    at _handleConnectionErrors (D:\\next-level-web-dev\\university-management-auth-system\\node_modules\\mongoose\\lib\\connection.js:792:11)\n' +
    '    at NativeConnection.openUri (D:\\next-level-web-dev\\university-management-auth-system\\node_modules\\mongoose\\lib\\connection.js:767:11)\n' +
    '    at processTicksAndRejections (node:internal/process/task_queues:95:5)',
  label: 'UM',
  timestamp: '2023-06-16T17:56:12.821Z'
}
